<?xml version="1.0" encoding="UTF-8"?>
<!-- Generated by org.testng.reporters.JUnitXMLReporter -->
<testsuite ignored="0" hostname="DESKTOP-QSD88I6" failures="0" tests="3" name="EdgeTest" time="48.415" errors="0" timestamp="2023-12-03T20:54:27 IST">
  <testcase classname="day40.ParamTest" name="testAppUrl" time="0.188"/>
  <testcase classname="day40.ParamTest" name="testHomePageTitle" time="3.358"/>
  <testcase classname="day40.ParamTest" name="testLogo" time="3.143"/>
</testsuite> <!-- EdgeTest -->
