<?xml version="1.0" encoding="UTF-8"?>
<!-- Generated by org.testng.reporters.JUnitXMLReporter -->
<testsuite ignored="0" hostname="DESKTOP-QSD88I6" failures="0" tests="7" name="Test" time="25.271" errors="0" timestamp="2024-05-04T17:28:27 IST">
  <testcase classname="day38.OrangeHrmLogin" name="openapp" time="22.469"/>
  <testcase classname="day38.OrangeHrmLogin" name="testlogo" time="0.475"/>
  <testcase classname="day38.OrangeHrmLogin" name="testlogin" time="1.812"/>
  <testcase classname="day38.OrangeHrmLogin" name="logout" time="0.458"/>
  <testcase classname="day38.FirstTest" name="openapp" time="0.0"/>
  <testcase classname="day38.FirstTest" name="login" time="0.0"/>
  <testcase classname="day38.FirstTest" name="logout" time="0.0"/>
</testsuite> <!-- Test -->
